<?xml version="1.0" encoding="UTF-8"?>
<!-- Generated by org.testng.reporters.JUnitReportReporter -->
<testsuite hostname="LAPTOP-8TP6OQIJ" failures="0" tests="3" name="testcases.LoginTestCase" time="11.162" errors="0" timestamp="2023-07-04T07:26:28 IST" skipped="0">
  <testcase classname="testcases.LoginTestCase" name="verifyLogin" time="3.434"/>
  <system-out/>
  <testcase classname="testcases.LoginTestCase" name="verifyLogin" time="4.525"/>
  <system-out/>
  <testcase classname="testcases.LoginTestCase" name="verifyLogin" time="3.203"/>
  <system-out/>
</testsuite> <!-- testcases.LoginTestCase -->
