<?xml version="1.0" encoding="UTF-8"?>
<!-- Generated by org.testng.reporters.JUnitReportReporter -->
<testsuite hostname="LAPTOP-8TP6OQIJ" failures="0" tests="1" name="testcases.SignupTestCases" time="10.735" errors="0" timestamp="2023-07-04T07:26:28 IST" skipped="0">
  <testcase classname="testcases.SignupTestCases" name="verifySignup" time="10.735"/>
  <system-out/>
</testsuite> <!-- testcases.SignupTestCases -->
